d:\c\test\x64\debug\vc143.pdb
d:\c\test\x64\debug\vc143.idb
d:\c\test\x64\debug\test.obj
d:\c\test\x64\debug\swap.obj
d:\c\test\x64\debug\school.obj
d:\c\test\x64\debug\英雄.obj
d:\c\test\x64\debug\逆序对.obj
d:\c\test\x64\debug\整数因子分解.obj
d:\c\test\x64\debug\众数重数.obj
d:\c\test\x64\debug\全排列.obj
d:\c\test\x64\debug\大整数乘法.obj
d:\c\test\x64\debug\正整数分解最大乘积.obj
d:\c\test\x64\debug\线段覆盖.obj
d:\c\test\x64\debug\递增子序列.obj
d:\c\test\x64\debug\最大字段(枚举法）.obj
d:\c\test\x64\debug\最大子段(分治法）.obj
d:\c\test\x64\debug\最大子段(动态规划).obj
d:\c\test\x64\debug\旅行售货员.obj
d:\c\test\x64\debug\批处理作业调度.obj
d:\c\test\x64\debug\单源最短路径.obj
d:\c\test\x64\debug\旅行售货员（分支限界）.obj
d:\c\test\x64\debug\0-1背包（回溯）.obj
d:\c\test\x64\debug\0-1背包（蛮力法）.obj
d:\c\test\x64\debug\0-1背包（递归与分治）.obj
d:\c\test\x64\debug\2.obj
d:\c\test\x64\debug\1.obj
d:\c\test\x64\debug\99乘法表.obj
d:\c\test\x64\debug\22.obj
d:\c\test\x64\debug\基础.exe
d:\c\test\x64\debug\基础.ilk
d:\c\test\x64\debug\基础.pdb
d:\c\test\x64\debug\基础.res
d:\c\test\x64\debug\0-1背包.obj
d:\c\test\x64\debug\test1.obj
d:\c\test\x64\debug\判断.obj
d:\c\test\x64\debug\装载问题.obj
d:\c\test\x64\debug\众数重数.new.obj.enc
d:\c\test\x64\debug\英雄.obj.enc
d:\c\test\x64\debug\test.ilk
d:\c\test\x64\debug\test.pdb
d:\c\test\x64\debug\基础.tlog\cl.command.1.tlog
d:\c\test\x64\debug\基础.tlog\cl.read.1.tlog
d:\c\test\x64\debug\基础.tlog\cl.write.1.tlog
d:\c\test\x64\debug\基础.tlog\link.command.1.tlog
d:\c\test\x64\debug\基础.tlog\link.read.1.tlog
d:\c\test\x64\debug\基础.tlog\link.write.1.tlog
d:\c\test\x64\debug\基础.tlog\rc.command.1.tlog
d:\c\test\x64\debug\基础.tlog\rc.read.1.tlog
d:\c\test\x64\debug\基础.tlog\rc.write.1.tlog
